<?xml version="1.0" encoding="UTF-8"?>
<testsuite xmlns:xsi="http://www.w3.org/2001/XMLSchema-instance" xsi:noNamespaceSchemaLocation="https://maven.apache.org/surefire/maven-surefire-plugin/xsd/surefire-test-report-3.0.xsd" version="3.0" name="com.electropaskyda.web5.Web5ApplicationTests" time="6.361" tests="1" errors="0" skipped="0" failures="0">
  <properties>
[...]
</properties>
  <testcase name="contextLoads" classname="com.electropaskyda.web5.Web5ApplicationTests" time="0.657">
    <system-out><![CDATA[22:33:19.150 [main] INFO org.springframework.test.context.support.AnnotationConfigContextLoaderUtils -- Could not detect default configuration classes for test class [com.electropaskyda.web5.Web5ApplicationTests]: Web5ApplicationTests does not declare any static, non-private, non-final, nested classes annotated with @Configuration.
22:33:19.293 [main] INFO org.springframework.boot.test.context.SpringBootTestContextBootstrapper -- Found @SpringBootConfiguration com.electropaskyda.web5.Web5Application for test class com.electropaskyda.web5.Web5ApplicationTests

  .   ____          _            __ _ _
 /\\ / ___'_ __ _ _(_)_ __  __ _ \ \ \ \
( ( )\___ | '_ | '_| | '_ \/ _` | \ \ \ \
 \\/  ___)| |_)| | | | | || (_| |  ) ) ) )
  '  |____| .__|_| |_|_| |_\__, | / / / /
 =========|_|==============|___/=/_/_/_/
 :: Spring Boot ::                (v3.1.5)

2025-02-24T22:33:19.905+03:00  INFO 11732 --- [           main] c.e.web5.Web5ApplicationTests            : Starting Web5ApplicationTests using Java 21.0.6 with PID 11732 (started by dokto in C:\Users\dokto\IdeaProjects\web5)
2025-02-24T22:33:19.908+03:00  INFO 11732 --- [           main] c.e.web5.Web5ApplicationTests            : No active profile set, falling back to 1 default profile: "default"
2025-02-24T22:33:20.813+03:00  INFO 11732 --- [           main] .s.d.r.c.RepositoryConfigurationDelegate : Bootstrapping Spring Data JPA repositories in DEFAULT mode.
2025-02-24T22:33:20.890+03:00  INFO 11732 --- [           main] .s.d.r.c.RepositoryConfigurationDelegate : Finished Spring Data repository scanning in 69 ms. Found 1 JPA repository interfaces.
2025-02-24T22:33:21.488+03:00  INFO 11732 --- [           main] o.hibernate.jpa.internal.util.LogHelper  : HHH000204: Processing PersistenceUnitInfo [name: default]
2025-02-24T22:33:21.592+03:00  INFO 11732 --- [           main] org.hibernate.Version                    : HHH000412: Hibernate ORM core version 6.2.13.Final
2025-02-24T22:33:21.595+03:00  INFO 11732 --- [           main] org.hibernate.cfg.Environment            : HHH000406: Using bytecode reflection optimizer
2025-02-24T22:33:21.932+03:00  INFO 11732 --- [           main] o.s.o.j.p.SpringPersistenceUnitInfo      : No LoadTimeWeaver setup: ignoring JPA class transformer
2025-02-24T22:33:21.974+03:00  INFO 11732 --- [           main] com.zaxxer.hikari.HikariDataSource       : HikariPool-1 - Starting...
2025-02-24T22:33:22.395+03:00  INFO 11732 --- [           main] com.zaxxer.hikari.pool.HikariPool        : HikariPool-1 - Added connection org.postgresql.jdbc.PgConnection@682618e5
2025-02-24T22:33:22.399+03:00  INFO 11732 --- [           main] com.zaxxer.hikari.HikariDataSource       : HikariPool-1 - Start completed.
2025-02-24T22:33:23.411+03:00  INFO 11732 --- [           main] o.h.e.t.j.p.i.JtaPlatformInitiator       : HHH000489: No JTA platform available (set 'hibernate.transaction.jta.platform' to enable JTA platform integration)
2025-02-24T22:33:23.429+03:00  WARN 11732 --- [           main] o.h.engine.jdbc.spi.SqlExceptionHelper   : SQL Warning Code: 0, SQLState: 00000
2025-02-24T22:33:23.429+03:00  WARN 11732 --- [           main] o.h.engine.jdbc.spi.SqlExceptionHelper   : таблица "points" не существует, пропускается
2025-02-24T22:33:23.430+03:00  WARN 11732 --- [           main] o.h.engine.jdbc.spi.SqlExceptionHelper   : SQL Warning Code: 0, SQLState: 00000
2025-02-24T22:33:23.430+03:00  WARN 11732 --- [           main] o.h.engine.jdbc.spi.SqlExceptionHelper   : последовательность "point_sequence" не существует, пропускается
2025-02-24T22:33:23.456+03:00  INFO 11732 --- [           main] j.LocalContainerEntityManagerFactoryBean : Initialized JPA EntityManagerFactory for persistence unit 'default'
2025-02-24T22:33:24.123+03:00  WARN 11732 --- [           main] JpaBaseConfiguration$JpaWebConfiguration : spring.jpa.open-in-view is enabled by default. Therefore, database queries may be performed during view rendering. Explicitly configure spring.jpa.open-in-view to disable this warning
2025-02-24T22:33:24.612+03:00  INFO 11732 --- [           main] c.e.web5.Web5ApplicationTests            : Started Web5ApplicationTests in 5.103 seconds (process running for 6.328)
]]></system-out>
    <system-err><![CDATA[WARNING: A Java agent has been loaded dynamically (C:\Users\dokto\.m2\repository\net\bytebuddy\byte-buddy-agent\1.14.9\byte-buddy-agent-1.14.9.jar)
WARNING: If a serviceability tool is in use, please run with -XX:+EnableDynamicAgentLoading to hide this warning
WARNING: If a serviceability tool is not in use, please run with -Djdk.instrument.traceUsage for more information
WARNING: Dynamic loading of agents will be disallowed by default in a future release
]]></system-err>
  </testcase>
</testsuite>